{"C:\\Users\\ankit.chauhan1\\Documents\\airline-booking\\config\\database.js": {"path":"C:\\Users\\ankit.chauhan1\\Documents\\airline-booking\\config\\database.js","statementMap":{"0":{"start":{"line":3,"column":0},"end":{"line":3,"column":16}},"1":{"start":{"line":5,"column":0},"end":{"line":10,"column":3}},"2":{"start":{"line":11,"column":18},"end":{"line":16,"column":2}}},"fnMap":{},"branchMap":{},"s":{"0":1,"1":1,"2":1},"f":{},"b":{},"_coverageSchema":"1a1c01bbd47fc00a2c39e90264f33305004495a9","hash":"3cebaa3575e09bf45c879949a16f05cb15b44944"}
,"C:\\Users\\ankit.chauhan1\\Documents\\airline-booking\\controllers\\airport.js": {"path":"C:\\Users\\ankit.chauhan1\\Documents\\airline-booking\\controllers\\airport.js","statementMap":{"0":{"start":{"line":4,"column":29},"end":{"line":13,"column":1}},"1":{"start":{"line":5,"column":2},"end":{"line":12,"column":3}},"2":{"start":{"line":6,"column":20},"end":{"line":6,"column":50}},"3":{"start":{"line":7,"column":4},"end":{"line":7,"column":37}},"4":{"start":{"line":8,"column":4},"end":{"line":8,"column":34}},"5":{"start":{"line":10,"column":6},"end":{"line":10,"column":42}},"6":{"start":{"line":11,"column":4},"end":{"line":11,"column":77}},"7":{"start":{"line":16,"column":30},"end":{"line":23,"column":1}},"8":{"start":{"line":17,"column":2},"end":{"line":22,"column":3}},"9":{"start":{"line":18,"column":21},"end":{"line":18,"column":44}},"10":{"start":{"line":19,"column":4},"end":{"line":19,"column":35}},"11":{"start":{"line":21,"column":4},"end":{"line":21,"column":53}},"12":{"start":{"line":26,"column":30},"end":{"line":40,"column":1}},"13":{"start":{"line":27,"column":2},"end":{"line":39,"column":3}},"14":{"start":{"line":28,"column":20},"end":{"line":30,"column":6}},"15":{"start":{"line":32,"column":4},"end":{"line":34,"column":5}},"16":{"start":{"line":33,"column":6},"end":{"line":33,"column":68}},"17":{"start":{"line":36,"column":4},"end":{"line":36,"column":34}},"18":{"start":{"line":38,"column":4},"end":{"line":38,"column":53}},"19":{"start":{"line":43,"column":33},"end":{"line":58,"column":1}},"20":{"start":{"line":44,"column":2},"end":{"line":57,"column":3}},"21":{"start":{"line":45,"column":20},"end":{"line":47,"column":6}},"22":{"start":{"line":49,"column":4},"end":{"line":51,"column":5}},"23":{"start":{"line":50,"column":6},"end":{"line":50,"column":68}},"24":{"start":{"line":53,"column":4},"end":{"line":53,"column":35}},"25":{"start":{"line":54,"column":4},"end":{"line":54,"column":34}},"26":{"start":{"line":56,"column":4},"end":{"line":56,"column":53}},"27":{"start":{"line":61,"column":33},"end":{"line":76,"column":1}},"28":{"start":{"line":62,"column":2},"end":{"line":75,"column":3}},"29":{"start":{"line":63,"column":20},"end":{"line":65,"column":6}},"30":{"start":{"line":67,"column":4},"end":{"line":69,"column":5}},"31":{"start":{"line":68,"column":6},"end":{"line":68,"column":68}},"32":{"start":{"line":71,"column":4},"end":{"line":71,"column":28}},"33":{"start":{"line":72,"column":4},"end":{"line":72,"column":70}},"34":{"start":{"line":74,"column":4},"end":{"line":74,"column":53}}},"fnMap":{"0":{"name":"(anonymous_0)","decl":{"start":{"line":4,"column":29},"end":{"line":4,"column":30}},"loc":{"start":{"line":4,"column":49},"end":{"line":13,"column":1}},"line":4},"1":{"name":"(anonymous_1)","decl":{"start":{"line":16,"column":30},"end":{"line":16,"column":31}},"loc":{"start":{"line":16,"column":50},"end":{"line":23,"column":1}},"line":16},"2":{"name":"(anonymous_2)","decl":{"start":{"line":26,"column":30},"end":{"line":26,"column":31}},"loc":{"start":{"line":26,"column":50},"end":{"line":40,"column":1}},"line":26},"3":{"name":"(anonymous_3)","decl":{"start":{"line":43,"column":33},"end":{"line":43,"column":34}},"loc":{"start":{"line":43,"column":53},"end":{"line":58,"column":1}},"line":43},"4":{"name":"(anonymous_4)","decl":{"start":{"line":61,"column":33},"end":{"line":61,"column":34}},"loc":{"start":{"line":61,"column":53},"end":{"line":76,"column":1}},"line":61}},"branchMap":{"0":{"loc":{"start":{"line":11,"column":36},"end":{"line":11,"column":73}},"type":"binary-expr","locations":[{"start":{"line":11,"column":36},"end":{"line":11,"column":56}},{"start":{"line":11,"column":60},"end":{"line":11,"column":73}}],"line":11},"1":{"loc":{"start":{"line":32,"column":4},"end":{"line":34,"column":5}},"type":"if","locations":[{"start":{"line":32,"column":4},"end":{"line":34,"column":5}},{"start":{},"end":{}}],"line":32},"2":{"loc":{"start":{"line":49,"column":4},"end":{"line":51,"column":5}},"type":"if","locations":[{"start":{"line":49,"column":4},"end":{"line":51,"column":5}},{"start":{},"end":{}}],"line":49},"3":{"loc":{"start":{"line":67,"column":4},"end":{"line":69,"column":5}},"type":"if","locations":[{"start":{"line":67,"column":4},"end":{"line":69,"column":5}},{"start":{},"end":{}}],"line":67}},"s":{"0":1,"1":2,"2":2,"3":1,"4":1,"5":1,"6":1,"7":1,"8":1,"9":1,"10":1,"11":0,"12":1,"13":2,"14":2,"15":2,"16":1,"17":1,"18":0,"19":1,"20":2,"21":2,"22":2,"23":1,"24":1,"25":1,"26":0,"27":1,"28":2,"29":2,"30":2,"31":1,"32":1,"33":1,"34":0},"f":{"0":2,"1":1,"2":2,"3":2,"4":2},"b":{"0":[1,1],"1":[1,1],"2":[1,1],"3":[1,1]},"_coverageSchema":"1a1c01bbd47fc00a2c39e90264f33305004495a9","hash":"c8ec67cda5c8812133d826bf20b766f043eb5379"}
,"C:\\Users\\ankit.chauhan1\\Documents\\airline-booking\\models\\airport.js": {"path":"C:\\Users\\ankit.chauhan1\\Documents\\airline-booking\\models\\airport.js","statementMap":{"0":{"start":{"line":4,"column":16},"end":{"line":26,"column":1}}},"fnMap":{},"branchMap":{},"s":{"0":1},"f":{},"b":{},"_coverageSchema":"1a1c01bbd47fc00a2c39e90264f33305004495a9","hash":"13c284c96d573f4adb7875f1ab1d49330d84f880"}
}
