TN:
SF:config\database.js
FNF:0
FNH:0
DA:3,1
DA:5,1
DA:11,1
LF:3
LH:3
BRF:0
BRH:0
end_of_record
TN:
SF:controllers\airport.js
FN:4,(anonymous_0)
FN:16,(anonymous_1)
FN:26,(anonymous_2)
FN:43,(anonymous_3)
FN:61,(anonymous_4)
FNF:5
FNH:5
FNDA:2,(anonymous_0)
FNDA:1,(anonymous_1)
FNDA:2,(anonymous_2)
FNDA:2,(anonymous_3)
FNDA:2,(anonymous_4)
DA:4,1
DA:5,2
DA:6,2
DA:7,1
DA:8,1
DA:10,1
DA:11,1
DA:16,1
DA:17,1
DA:18,1
DA:19,1
DA:21,0
DA:26,1
DA:27,2
DA:28,2
DA:32,2
DA:33,1
DA:36,1
DA:38,0
DA:43,1
DA:44,2
DA:45,2
DA:49,2
DA:50,1
DA:53,1
DA:54,1
DA:56,0
DA:61,1
DA:62,2
DA:63,2
DA:67,2
DA:68,1
DA:71,1
DA:72,1
DA:74,0
LF:35
LH:31
BRDA:11,0,0,1
BRDA:11,0,1,1
BRDA:32,1,0,1
BRDA:32,1,1,1
BRDA:49,2,0,1
BRDA:49,2,1,1
BRDA:67,3,0,1
BRDA:67,3,1,1
BRF:8
BRH:8
end_of_record
TN:
SF:models\airport.js
FNF:0
FNH:0
DA:4,1
LF:1
LH:1
BRF:0
BRH:0
end_of_record
